<?xml version="1.0" encoding="UTF-8"?>
<!-- Generated by org.testng.reporters.JUnitXMLReporter -->
<testsuite hostname="Kapils-MacBook-Pro.local" ignored="0" name="Test-iPhone-X_11.4" tests="1" failures="0" timestamp="13 Aug 2018 12:31:53 GMT" time="31.883" errors="0">
  <testcase name="feature" time="31.636" classname="cucumber.api.testng.AbstractTestNGCucumberTests"/>
</testsuite> <!-- Test-iPhone-X_11.4 -->
