<?xml version="1.0" encoding="UTF-8"?>
<!-- Generated by org.testng.reporters.JUnitReportReporter -->
<testsuite skipped="0" hostname="Kapils-MacBook-Pro.local" name="org.framework.adib.ios.Runner.TestRunner" tests="1" failures="0" timestamp="13 Aug 2018 12:31:53 GMT" time="31.636" errors="0">
  <testcase name="feature" time="31.636" classname="org.framework.adib.ios.Runner.TestRunner"/>
</testsuite> <!-- org.framework.adib.ios.Runner.TestRunner -->
